% mean class accuracy (train set)	
 8.2109e+01	
 8.4929e+01	
 8.6659e+01	
 8.7891e+01	
 8.8389e+01	
 8.8768e+01	
 8.9384e+01	
 9.0071e+01	
 9.0640e+01	
 9.1019e+01	
 9.1066e+01	
 9.1374e+01	
 9.1682e+01	
 9.1896e+01	
 9.2038e+01	
 9.2275e+01	
 9.2536e+01	
 9.2678e+01	
 9.2891e+01	
 9.3033e+01	
 9.3199e+01	
 9.3365e+01	
 9.3555e+01	
 9.3649e+01	
 9.3815e+01	
 9.4028e+01	
 9.4218e+01	
 9.4336e+01	
 9.4408e+01	
 9.4502e+01	
 9.4597e+01	
 9.4763e+01	
 9.4858e+01	
 9.4929e+01	
 9.5000e+01	
 9.5095e+01	
 9.5190e+01	
 9.5284e+01	
 9.5355e+01	
 9.5427e+01	
 9.5498e+01	
 9.5521e+01	
 9.5521e+01	
 9.5640e+01	
 9.5711e+01	
 9.5735e+01	
 9.5735e+01	
 9.5782e+01	
 9.5829e+01	
 9.5924e+01	
 9.5948e+01	
 9.5948e+01	
 9.5972e+01	
 9.5972e+01	
 9.5995e+01	
 9.5995e+01	
 9.6066e+01	
 9.6090e+01	
 9.6090e+01	
