ca65 V2.14.0
Main file   : cputc.s
Current file: cputc.s

000000r 1               ;
000000r 1               ; File generated by cc65 v 2.13.9 and then modified.
000000r 1               ;
000000r 1               .fopt		compiler,"cc65 v 2.13.9"
000000r 1               .setcpu		"6502"
000000r 1               .smart		on
000000r 1               .case		on
000000r 1               .debuginfo	off
000000r 1               .export		_cputc
000000r 1               
000000r 1               ; ---------------------------------------------------------------
000000r 1               ; void __near__ __fastcall__ cputc (unsigned char)
000000r 1               ; ---------------------------------------------------------------
000000r 1               
000000r 1               .segment	"CODE"
000000r 1               
000000r 1               _cputc:
000000r 1  8D 00 FF     	sta     $FF00
000003r 1  60                   rts
000004r 1               
000004r 1               
