ca65 V2.14.0
Main file   : loop.s
Current file: loop.s

000000r 1               ;
000000r 1               ; File generated by cc65 v 2.14.0
000000r 1               ;
000000r 1               	.fopt		compiler,"cc65 v 2.14.0"
000000r 1               	.setcpu		"6502"
000000r 1               	.smart		on
000000r 1               	.autoimport	on
000000r 1               	.case		on
000000r 1               	.debuginfo	off
000000r 1               	.importzp	sp, sreg, regsave, regbank
000000r 1               	.importzp	tmp1, tmp2, tmp3, tmp4, ptr1, ptr2, ptr3, ptr4
000000r 1               	.macpack	longbranch
000000r 2               .macro  jeq     Target
000000r 2                       .if     .match(Target, 0)
000000r 2                       bne     *+5
000000r 2                       jmp     Target
000000r 2                       .elseif .def(Target) .and .const((*-2)-(Target)) .and ((*+2)-(Target) <= 127)
000000r 2                               beq     Target
000000r 2                       .else
000000r 2                               bne     *+5
000000r 2                               jmp     Target
000000r 2                       .endif
000000r 2               .endmacro
000000r 2               .macro  jne     Target
000000r 2                       .if     .match(Target, 0)
000000r 2                               beq     *+5
000000r 2                               jmp     Target
000000r 2                       .elseif .def(Target) .and .const((*-2)-(Target)) .and ((*+2)-(Target) <= 127)
000000r 2                               bne     Target
000000r 2                       .else
000000r 2                               beq     *+5
000000r 2                               jmp     Target
000000r 2                       .endif
000000r 2               .endmacro
000000r 2               .macro  jmi     Target
000000r 2                       .if     .match(Target, 0)
000000r 2                               bpl     *+5
000000r 2                               jmp     Target
000000r 2                       .elseif .def(Target) .and .const((*-2)-(Target)) .and ((*+2)-(Target) <= 127)
000000r 2                               bmi     Target
000000r 2                       .else
000000r 2                               bpl     *+5
000000r 2                               jmp     Target
000000r 2                       .endif
000000r 2               .endmacro
000000r 2               .macro  jpl     Target
000000r 2                       .if     .match(Target, 0)
000000r 2                               bmi     *+5
000000r 2                               jmp     Target
000000r 2                       .elseif .def(Target) .and .const((*-2)-(Target)) .and ((*+2)-(Target) <= 127)
000000r 2                               bpl     Target
000000r 2                       .else
000000r 2                               bmi     *+5
000000r 2                               jmp     Target
000000r 2                       .endif
000000r 2               .endmacro
000000r 2               .macro  jcs     Target
000000r 2                       .if     .match(Target, 0)
000000r 2                               bcc     *+5
000000r 2                               jmp     Target
000000r 2                       .elseif .def(Target) .and .const((*-2)-(Target)) .and ((*+2)-(Target) <= 127)
000000r 2                               bcs     Target
000000r 2                       .else
000000r 2                               bcc     *+5
000000r 2                               jmp     Target
000000r 2                       .endif
000000r 2               .endmacro
000000r 2               .macro  jcc     Target
000000r 2                       .if     .match(Target, 0)
000000r 2                               bcs     *+5
000000r 2                               jmp     Target
000000r 2                       .elseif .def(Target) .and .const((*-2)-(Target)) .and ((*+2)-(Target) <= 127)
000000r 2                               bcc     Target
000000r 2                       .else
000000r 2                               bcs     *+5
000000r 2                               jmp     Target
000000r 2                       .endif
000000r 2               .endmacro
000000r 2               .macro  jvs     Target
000000r 2                       .if     .match(Target, 0)
000000r 2                               bvc     *+5
000000r 2                               jmp     Target
000000r 2                       .elseif .def(Target) .and .const((*-2)-(Target)) .and ((*+2)-(Target) <= 127)
000000r 2                               bvs     Target
000000r 2                       .else
000000r 2                               bvc     *+5
000000r 2                               jmp     Target
000000r 2                       .endif
000000r 2               .endmacro
000000r 2               .macro  jvc     Target
000000r 2                       .if     .match(Target, 0)
000000r 2                               bvs     *+5
000000r 2                               jmp     Target
000000r 2                       .elseif .def(Target) .and .const((*-2)-(Target)) .and ((*+2)-(Target) <= 127)
000000r 2                               bvc     Target
000000r 2                       .else
000000r 2                               bvs     *+5
000000r 2                               jmp     Target
000000r 2                       .endif
000000r 2               .endmacro
000000r 2               
000000r 1               	.forceimport	__STARTUP__
000000r 1               	.import		_cprintf
000000r 1               	.export		_main
000000r 1               
000000r 1               .segment	"RODATA"
000000r 1               
000000r 1               L000D:
000000r 1  69 3D 25 75  	.byte	$69,$3D,$25,$75,$0A,$00
000004r 1  0A 00        
000006r 1               
000006r 1               ; ---------------------------------------------------------------
000006r 1               ; int __near__ main (void)
000006r 1               ; ---------------------------------------------------------------
000006r 1               
000006r 1               .segment	"CODE"
000000r 1               
000000r 1               .proc	_main: near
000000r 1               
000000r 1               .segment	"CODE"
000000r 1               
000000r 1  A9 03        	lda     #$03
000002r 1  20 rr rr     	jsr     pusha0
000005r 1  A0 00        L0003:	ldy     #$00
000007r 1  B1 rr        	lda     (sp),y
000009r 1  C8           	iny
00000Ar 1  11 rr        	ora     (sp),y
00000Cr 1  F0 25        	beq     L0011
00000Er 1  A9 rr        	lda     #<(L000D)
000010r 1  A2 rr        	ldx     #>(L000D)
000012r 1  20 rr rr     	jsr     pushax
000015r 1  A0 05        	ldy     #$05
000017r 1  20 rr rr     	jsr     pushwysp
00001Ar 1  A0 04        	ldy     #$04
00001Cr 1  20 rr rr     	jsr     _cprintf
00001Fr 1  A0 01        	ldy     #$01
000021r 1  B1 rr        	lda     (sp),y
000023r 1  AA           	tax
000024r 1  88           	dey
000025r 1  B1 rr        	lda     (sp),y
000027r 1  38           	sec
000028r 1  E9 01        	sbc     #$01
00002Ar 1  B0 01        	bcs     L000B
00002Cr 1  CA           	dex
00002Dr 1  20 rr rr     L000B:	jsr     stax0sp
000030r 1  4C rr rr     	jmp     L0003
000033r 1  B1 rr        L0011:	lda     (sp),y
000035r 1  AA           	tax
000036r 1  88           	dey
000037r 1  B1 rr        	lda     (sp),y
000039r 1  4C rr rr     	jmp     incsp2
00003Cr 1               
00003Cr 1               .endproc
00003Cr 1               
00003Cr 1               
